<?xml version="1.0" encoding="UTF-8"?>
<!-- Generated by org.testng.reporters.JUnitXMLReporter -->
<testsuite hostname="DESKTOP-V01NHOK" ignored="0" name="Default test" tests="3" failures="0" timestamp="2020-12-08T01:48:19 EET" time="95.299" errors="0">
  <testcase name="VerifyloginWithInvalidData" time="2.506" classname="test.AddPostTest"/>
  <testcase name="VerifyloginWithValidData" time="12.721" classname="test.AddPostTest"/>
  <testcase name="verifyAddPost" time="38.528" classname="test.AddPostTest"/>
</testsuite> <!-- Default test -->
